<QCM><nom>Test-QCM</nom><formation>ASR</formation><matiere>RT0701</matiere><auteur>FLAUZAC</auteur><contenu><question num="1"><intitule>question 1</intitule><reponses><reponse id="1">Reponse 1</reponse><reponse id="2">Reponse 2</reponse></reponses></question><question num="2"><intitule>question 2</intitule><reponses><reponse id="1">Reponse 1</reponse><reponse id="2">Reponse 2</reponse></reponses></question></contenu></QCM>