<QCMCorrection>
  <nom>Test-QCM</nom>
  <correction>
    <question id="1" num="1"/>
    <question id="2" num="2"/>
  </correction>
</QCMCorrection>
